
========== Case 1 | nothing
[default ctor] MyClass()
[dtor        ] ~MyClass()

========== Case 2 | prvalue
[default ctor] MyClass()
[dtor        ] ~MyClass()

========== Case 3 | prvalue
[default ctor] MyClass()
[dtor        ] ~MyClass()

========== Case 4 | prvalue
[default ctor] MyClass()
[dtor        ] ~MyClass()

========== Case 5 | prvalue
[default ctor] MyClass()
[dtor        ] ~MyClass()

========== Case 6 | lvalue
[default ctor] MyClass()
[copy ctor c ] MyClass(const MyClass&)
[dtor        ] ~MyClass()
[dtor        ] ~MyClass()

========== Case 7 | lvalue
[default ctor] MyClass()
[copy ctor c ] MyClass(const MyClass&)
[dtor        ] ~MyClass()
[dtor        ] ~MyClass()

========== Case 8 | lvalue
[default ctor] MyClass()
[copy ctor c ] MyClass(const MyClass&)
[dtor        ] ~MyClass()
[dtor        ] ~MyClass()

========== Case 9 | lvalue
[default ctor] MyClass()
[copy ctor c ] MyClass(const MyClass&)
[dtor        ] ~MyClass()
[dtor        ] ~MyClass()

========== Case 10 | lvalue, move const won't effect
[default ctor] MyClass()
[copy ctor c ] MyClass(const MyClass&)
[dtor        ] ~MyClass()
[dtor        ] ~MyClass()

========== Case 11 | lvalue, move const won't effect
[default ctor] MyClass()
[copy ctor c ] MyClass(const MyClass&)
[dtor        ] ~MyClass()
[dtor        ] ~MyClass()

========== Case 12 | prvalue
[default ctor] MyClass()
[dtor        ] ~MyClass()

========== Case 13 | lvalue
[default ctor] MyClass()
[copy ctor   ] MyClass(MyClass&)
[dtor        ] ~MyClass()
[dtor        ] ~MyClass()

========== Case 14 | lvalue
[default ctor] MyClass()
[copy ctor   ] MyClass(MyClass&)
[dtor        ] ~MyClass()
[dtor        ] ~MyClass()

========== Case 15 | lvalue
[default ctor] MyClass()
[copy ctor   ] MyClass(MyClass&)
[dtor        ] ~MyClass()
[dtor        ] ~MyClass()

========== Case 16 | lvalue
[default ctor] MyClass()
[copy ctor   ] MyClass(MyClass&)
[dtor        ] ~MyClass()
[dtor        ] ~MyClass()

========== Case 17 | lvalue to xvalue
[default ctor] MyClass()
[move ctor   ] MyClass(MyClass&&)
[dtor        ] ~MyClass()
[dtor        ] ~MyClass()

========== Case 18 | lvalue to xvalue
[default ctor] MyClass()
[move ctor   ] MyClass(MyClass&&)
[dtor        ] ~MyClass()
[dtor        ] ~MyClass()

========== Case 19 | prvalue
[default ctor] MyClass()
[dtor        ] ~MyClass()

========== Case 20 | lvalue to xvalue
[default ctor] MyClass()
[move ctor   ] MyClass(MyClass&&)
[dtor        ] ~MyClass()
[dtor        ] ~MyClass()

========== Case 21 | lvalue
[default ctor] MyClass()
[copy ctor   ] MyClass(MyClass&)
[dtor        ] ~MyClass()
[dtor        ] ~MyClass()

========== Case 22 | lvalue
[default ctor] MyClass()
[default ctor] MyClass()
[copy assign ] operator=(MyClass&)
[dtor        ] ~MyClass()
[dtor        ] ~MyClass()

========== Case 23 | prvalue
[default ctor] MyClass()
[default ctor] MyClass()
[move assign ] operator=(MyClass&&)
[dtor        ] ~MyClass()
[dtor        ] ~MyClass()

========== Case 24 | lvalue to xvalue
[default ctor] MyClass()
[default ctor] MyClass()
[move assign ] operator=(MyClass&&)
[dtor        ] ~MyClass()
[dtor        ] ~MyClass()

========== Case 25 | lvalue
[default ctor] MyClass()
[default ctor] MyClass()
[copy assign ] operator=(const MyClass&)
[dtor        ] ~MyClass()
[dtor        ] ~MyClass()

========== Case 26 | lvalue, move const won't effect
[default ctor] MyClass()
[default ctor] MyClass()
[copy assign ] operator=(const MyClass&)
[dtor        ] ~MyClass()
[dtor        ] ~MyClass()

========== Case 27 | [RVO] return prvalue
[default ctor] MyClass()
[dtor        ] ~MyClass()

========== Case 28 | [NRVO] return local lvalue
[default ctor] MyClass()
returned local variable address: 0x7fff84c589f0
normal   local variable address: 0x7fff84c58878
caller         variable address: 0x7fff84c589f0
[dtor        ] ~MyClass()

========== Case 29 | [NRVO] return local const lvalue
[default ctor] MyClass()
returned local variable address: 0x7fff84c589e8
normal   local variable address: 0x7fff84c58878
caller         variable address: 0x7fff84c589e8
[dtor        ] ~MyClass()

========== Case 30 | return move local lvalue, don't do this
[default ctor] MyClass()
returned local variable address: 0x7fff84c58878
normal   local variable address: 0x7fff84c58874
[move ctor   ] MyClass(MyClass&&)
[dtor        ] ~MyClass()
caller         variable address: 0x7fff84c589e0
[dtor        ] ~MyClass()

========== Case 31 | return move local const lvalue, move const won't effect, don't do this
[default ctor] MyClass()
returned local variable address: 0x7fff84c58878
normal   local variable address: 0x7fff84c58874
[copy ctor c ] MyClass(const MyClass&)
[dtor        ] ~MyClass()
caller         variable address: 0x7fff84c589d8
[dtor        ] ~MyClass()
